2025.02.05-13:20:40.24 - [[32mINFO[0m] [2214890][140246547668352][2:No such file or directory][imss_posix_init]	>	,Time(msec), Comment, RetCode
2025.02.05-13:20:40.24 - [[0mLIVE[0m] [2214890][140246547668352][2:No such file or directory][imss_posix_init]	>	 -- HERCULES_MOUNT_POINT: /mnt/hercules/
2025.02.05-13:20:40.24 - [[0mLIVE[0m] [2214890][140246547668352][2:No such file or directory][imss_posix_init]	>	 -- HERCULES_ROOT: imss://
2025.02.05-13:20:40.24 - [[0mLIVE[0m] [2214890][140246547668352][2:No such file or directory][imss_posix_init]	>	 -- HERCULES_HOSTFILE: /home/gortega/data_hostfile
2025.02.05-13:20:40.24 - [[0mLIVE[0m] [2214890][140246547668352][2:No such file or directory][imss_posix_init]	>	 -- HERCULES_N_SERVERS: 1
2025.02.05-13:20:40.25 - [[0mLIVE[0m] [2214890][140246547668352][2:No such file or directory][imss_posix_init]	>	 -- HERCULES_SRV_PORT: 8500
2025.02.05-13:20:40.25 - [[0mLIVE[0m] [2214890][140246547668352][2:No such file or directory][imss_posix_init]	>	 -- HERCULES_BUFFSIZE: 0
2025.02.05-13:20:40.25 - [[0mLIVE[0m] [2214890][140246547668352][2:No such file or directory][imss_posix_init]	>	 -- META_HOSTFILE: /home/gortega/meta_hostfile
2025.02.05-13:20:40.25 - [[0mLIVE[0m] [2214890][140246547668352][2:No such file or directory][imss_posix_init]	>	 -- HERCULES_META_PORT: 7500
2025.02.05-13:20:40.25 - [[0mLIVE[0m] [2214890][140246547668352][2:No such file or directory][imss_posix_init]	>	 -- HERCULES_META_SERVERS: 1
2025.02.05-13:20:40.25 - [[0mLIVE[0m] [2214890][140246547668352][2:No such file or directory][imss_posix_init]	>	 -- HERCULES_BLKSIZE: 512 kB
2025.02.05-13:20:40.25 - [[0mLIVE[0m] [2214890][140246547668352][2:No such file or directory][imss_posix_init]	>	 -- HERCULES_STORAGE_SIZE: 0 GB
2025.02.05-13:20:40.25 - [[0mLIVE[0m] [2214890][140246547668352][2:No such file or directory][imss_posix_init]	>	 -- HERCULES_METADATA_FILE: (null)
2025.02.05-13:20:40.25 - [[0mLIVE[0m] [2214890][140246547668352][2:No such file or directory][imss_posix_init]	>	 -- HERCULES_DEPLOYMENT: 2
2025.02.05-13:20:40.25 - [[0mLIVE[0m] [2214890][140246547668352][2:No such file or directory][imss_posix_init]	>	 -- HERCULES_MALLEABILITY: 0
2025.02.05-13:20:40.25 - [[0mLIVE[0m] [2214890][140246547668352][2:No such file or directory][imss_posix_init]	>	 -- HERCULES_MALLEABILITY_TYPE: 0
2025.02.05-13:20:40.25 - [[0mLIVE[0m] [2214890][140246547668352][2:No such file or directory][imss_posix_init]	>	 -- UPPER_BOUND_SERVERS: 0
2025.02.05-13:20:40.25 - [[0mLIVE[0m] [2214890][140246547668352][2:No such file or directory][imss_posix_init]	>	 -- LOWER_BOUND_SERVERS: 0
2025.02.05-13:20:40.25 - [[0mLIVE[0m] [2214890][140246547668352][2:No such file or directory][imss_posix_init]	>	 -- REPL_FACTOR: 1
2025.02.05-13:20:40.25 - [[0mLIVE[0m] [2214890][140246547668352][2:No such file or directory][imss_posix_init]	>	 -- REPL_TYPE: 1
2025.02.05-13:20:40.25 - [[0mLIVE[0m] [2214890][140246547668352][2:No such file or directory][imss_posix_init]	>	 -- POLICY: RR
2025.02.05-13:20:40.25 - [[0mLIVE[0m] [2214890][140246547668352][2:No such file or directory][imss_posix_init]	>	 -- RELEASE: 1
2025.02.05-13:20:40.25 - [[34mDEBUG[0m] [2214890][140246547668352][2:No such file or directory][stat_init]	>	[IMSS] Calling stat_init.
2025.02.05-13:20:40.25 - [[32mINFO[0m] [2214890][140246547668352][2:No such file or directory][init_context]	>	Before memset
2025.02.05-13:20:40.25 - [[32mINFO[0m] [2214890][140246547668352][2:No such file or directory][init_context]	>	After memset
2025.02.05-13:20:40.26 - [[32mINFO[0m] [2214890][140246547668352][2:No such file or directory][init_context]	>	Before ucp_config_read
2025.02.05-13:20:40.26 - [[32mINFO[0m] [2214890][140246547668352][2:No such file or directory][init_context]	>	After ucp_config_read, status=Success
2025.02.05-13:20:40.26 - [[32mINFO[0m] [2214890][140246547668352][2:No such file or directory][init_context]	>	Before ucp_init
2025.02.05-13:20:40.27 - [[32mINFO[0m] [2214890][140246547668352][12:Cannot allocate memory][init_context]	>	After ucp_init, status=Success
2025.02.05-13:20:40.31 - [[34mDEBUG[0m] [2214890][140246547668352][19:No such device][stat_init]	>	[IMSS][stat_int] i=0, stat_node=compute-2-3, port=7500, rank=577161515
2025.02.05-13:20:40.31 - [[34mDEBUG[0m] [2214890][140246547668352][19:No such device][stat_init]	>	[IMSS][stat_int] Contacting stat dispatcher at compute-2-3:7500
2025.02.05-13:20:40.32 - [[34mDEBUG[0m] [2214890][140246547668352][19:No such device][stat_init]	>	[IMSS][stat_int] request=577161515 GET HELLO!
2025.02.05-13:20:40.33 - [[34mDEBUG[0m] [2214890][140246547668352][22:Invalid argument][client_create_ep_metadata]	>	[COMM] Created client endpoint
2025.02.05-13:20:40.33 - [[34mDEBUG[0m] [2214890][140246547668352][22:Invalid argument][stat_init]	>	[IMSS][stat_init] created ep with compute-2-3:7500
2025.02.05-13:20:40.33 - [[0mLIVE[0m] [2214890][140246547668352][22:Invalid argument][open_imss]	>	[IMSS][open_imss] starting function, imss_uri=imss://
2025.02.05-13:20:40.33 - [[0mLIVE[0m] [2214890][140246547668352][22:Invalid argument][find_imss]	>	imssd->len=0
2025.02.05-13:20:40.33 - [[32mINFO[0m] [2214890][140246547668352][22:Invalid argument][stat_imss]	>	[IMSS][stat_imss] Request - '1693385271 GET 0 imss://'
2025.02.05-13:20:40.34 - [[32mINFO[0m] [2214890][140246547668352][22:Invalid argument][recv_dynamic_stream]	>	[COMM] recv_dynamic_stream start, data_type=0
2025.02.05-13:20:40.35 - [[34mDEBUG[0m] [2214890][140246547668352][22:Invalid argument][recv_data]	>	[COMM] Probe tag (824 bytes)
2025.02.05-13:20:40.35 - [[32mINFO[0m] [2214890][140246547668352][22:Invalid argument][recv_dynamic_stream]	>	 		 receiving IMSS_INFO 824
2025.02.05-13:20:40.35 - [[32mINFO[0m] [2214890][140246547668352][22:Invalid argument][recv_dynamic_stream]	>	 		 msg_data=imss://
2025.02.05-13:20:40.35 - [[32mINFO[0m] [2214890][140246547668352][22:Invalid argument][recv_dynamic_stream]	>	[COMM] recv_dynamic_stream end 824
2025.02.05-13:20:40.35 - [[34mDEBUG[0m] [2214890][140246547668352][22:Invalid argument][stat_imss]	>	[IMSS][stat_imss] End, ret=824
2025.02.05-13:20:40.35 - [[0mLIVE[0m] [2214890][140246547668352][22:Invalid argument][open_imss]	>	[IMSS][open_imss] imss_uri=imss://, imss_existance=1
2025.02.05-13:20:40.35 - [[34mDEBUG[0m] [2214890][140246547668352][22:Invalid argument][open_imss]	>	[IMSS][open_imss] new_imss.info.num_active_storages=1, num_storages=1
2025.02.05-13:20:40.35 - [[0mLIVE[0m] [2214890][140246547668352][22:Invalid argument][open_imss]	>	[open_imss] ip_address=compute-2-4:8500
2025.02.05-13:20:41.37 - [[34mDEBUG[0m] [2214890][140246547668352][22:Invalid argument][client_create_ep_data]	>	[COMM] Created client endpoint
2025.02.05-13:20:41.37 - [[34mDEBUG[0m] [2214890][140246547668352][22:Invalid argument][open_imss]	>	[IMSS] open_imss: Created endpoint with compute-2-4
2025.02.05-13:20:41.37 - [[34mDEBUG[0m] [2214890][140246547668352][22:Invalid argument][GInsert]	>	[IMSS][GTree] inserted_pos=0
2025.02.05-13:20:41.37 - [[0mLIVE[0m] [2214890][140246547668352][22:Invalid argument][imss_check]	>	[imss_check] imssd->len=1
2025.02.05-13:20:41.37 - [[0mLIVE[0m] [2214890][140246547668352][22:Invalid argument][imss_check]	>	[imss_check] data_uri=imss://, imss_.info.uri_=imss://, imss_uri_len=7
2025.02.05-13:20:41.37 - [[0mLIVE[0m] [2214890][140246547668352][22:Invalid argument][imss_posix_init]	>	IMSS EXIST=1

2025.02.05-13:20:41.37 - [[0mLIVE[0m] [2214890][140246547668352][22:Invalid argument][imss_posix_init]	>	[CLIENT 577161515] ready!

2025.02.05-13:20:41.37 - [[0mLIVE[0m] [2214890][140246547668352][0:Success][checkHerculesPath]	>	[HERCULES] pathname=/mnt/hercules/, MOUNT_POINT=/mnt/hercules/, pathname=/mnt/hercules/, Success
2025.02.05-13:20:41.37 - [[0mLIVE[0m] [2214890][140246547668352][0:Success][open]	>	[POSIX] Calling Hercules 'open' flags=2162688, mode=0, pathname=/mnt/hercules/, new_path=imss://
2025.02.05-13:20:41.37 - [[0mLIVE[0m] [2214890][140246547668352][0:Success][checkOpenFlags]	>	Checking flags
2025.02.05-13:20:41.37 - [[0mLIVE[0m] [2214890][140246547668352][0:Success][checkOpenFlags]	>	[POSIX]. O_PATH flag, pathname=/mnt/hercules/, flags=210000, O_PATH=200000
2025.02.05-13:20:41.37 - [[0mLIVE[0m] [2214890][140246547668352][0:Success][generalOpen]	>	[POSIX] Searching for the imss:// on the map
2025.02.05-13:20:41.37 - [[0mLIVE[0m] [2214890][140246547668352][0:Success][generalOpen]	>	[POSIX] new_path:imss://, exist: -1, create_flag: 0
2025.02.05-13:20:41.37 - [[0mLIVE[0m] [2214890][140246547668352][0:Success][generalOpen]	>	[POSIX] File must exists - imss_open(imss://, 0), create_flag: 0
2025.02.05-13:20:41.37 - [[33mWARN[0m] [2214890][140246547668352][0:Success][fd_lookup]	>	</home/gortega/hercules/fuse/imss_posix_api.c:181> -- [imss_posix_api] file not found, imss://
2025.02.05-13:20:41.37 - [[34mDEBUG[0m] [2214890][140246547668352][0:Success][fd_lookup]	>	[imss_posix_api] path=imss://, found=-1, fd=-1
2025.02.05-13:20:41.38 - [[32mINFO[0m] [2214890][140246547668352][0:Success][imss_open]	>	[FUSE][imss_posix_api] imss_path=imss://, fd looked up=-1
2025.02.05-13:20:41.38 - [[0mLIVE[0m] [2214890][140246547668352][0:Success][imss_check]	>	[imss_check] imssd->len=1
2025.02.05-13:20:41.38 - [[0mLIVE[0m] [2214890][140246547668352][0:Success][imss_check]	>	[imss_check] data_uri=imss://, imss_.info.uri_=imss://, imss_uri_len=7
2025.02.05-13:20:41.38 - [[0mLIVE[0m] [2214890][140246547668352][0:Success][open_dataset]	>	[IMSS] associated_imss_indx=0
2025.02.05-13:20:41.38 - [[0mLIVE[0m] [2214890][140246547668352][0:Success][stat_dataset]	>	[IMSS] opened=1, datasetd->len=0
2025.02.05-13:20:41.38 - [[0mLIVE[0m] [2214890][140246547668352][0:Success][stat_dataset]	>	Request - 1 GET 0 imss://
2025.02.05-13:20:41.38 - [[32mINFO[0m] [2214890][140246547668352][0:Success][recv_dynamic_stream]	>	[COMM] recv_dynamic_stream start, data_type=1
2025.02.05-13:20:41.38 - [[34mDEBUG[0m] [2214890][140246547668352][0:Success][recv_data]	>	[COMM] Probe tag (824 bytes)
2025.02.05-13:20:41.39 - [[32mINFO[0m] [2214890][140246547668352][0:Success][recv_dynamic_stream]	>	 		 DATASET_INFO 824
2025.02.05-13:20:41.39 - [[32mINFO[0m] [2214890][140246547668352][0:Success][recv_dynamic_stream]	>	[COMM] recv_dynamic_stream end 824
2025.02.05-13:20:41.39 - [[34mDEBUG[0m] [2214890][140246547668352][0:Success][open_dataset]	>	[IMSS][open_dataset] is_link=55508992, link name=
2025.02.05-13:20:41.39 - [[0mLIVE[0m] [2214890][140246547668352][0:Success][stat_dataset]	>	[IMSS] opened=0, datasetd->len=0
2025.02.05-13:20:41.39 - [[0mLIVE[0m] [2214890][140246547668352][0:Success][stat_dataset]	>	Request - 0 GET 0 
2025.02.05-13:20:41.39 - [[32mINFO[0m] [2214890][140246547668352][0:Success][recv_dynamic_stream]	>	[COMM] recv_dynamic_stream start, data_type=1
2025.02.05-13:20:41.39 - [[34mDEBUG[0m] [2214890][140246547668352][0:Success][recv_data]	>	[COMM] Probe tag (23 bytes)
2025.02.05-13:20:41.39 - [[31mERROR[0m] [2214890][140246547668352][0:Success][recv_dynamic_stream]	>	</home/gortega/hercules/src/comms.c:952> -- [COMM] recv_dynamic_stream end  with error, err code 22
2025.02.05-13:20:41.39 - [[33mWARN[0m] [2214890][140246547668352][0:Success][stat_dataset]	>	</home/gortega/hercules/src/imss.c:2077> -- [IMSS][stat_dataset] dataset does not exist, req=0 GET 0 .
2025.02.05-13:20:41.39 - [[34mDEBUG[0m] [2214890][140246547668352][0:Success][open_dataset]	>	[IMSS][open_dataset] No Hercules link 
2025.02.05-13:20:41.40 - [[33mWARN[0m] [2214890][140246547668352][0:Success][imss_open]	>	</home/gortega/hercules/fuse/imss_posix_api.c:557> -- [FUSE][imss_posix_api] imss_path=, file_desc=-2
2025.02.05-13:20:41.40 - [[0mLIVE[0m] [2214890][140246547668352][0:Success][generalOpen]	>	[POSIX] 2 - ret_ds=-2, ret=-2, new_path=
2025.02.05-13:20:41.40 - [[0mLIVE[0m] [2214890][140246547668352][2:No such file or directory][generalOpen]	>	[POSIX] Calling real_open()
2025.02.05-13:20:41.40 - [[0mLIVE[0m] [2214890][140246547668352][2:No such file or directory][open]	>	[POSIX] Ending Hercules 'open', mode=0, ret=-1

2025.02.05-13:20:41.40 - [[0mLIVE[0m] [2214890][140246547668352][0:Success][fstat]	>	[POSIX] Calling Real 'fstat', fd=40
2025.02.05-13:20:41.40 - [[0mLIVE[0m] [2214890][140246547668352][0:Success][fstat]	>	[POSIX] End Real 'fstat', fd=40, errno=0:Success, ret=0, st_size=1540, st_blocks=8, st_blksize=131072
2025.02.05-13:20:41.40 - [[0mLIVE[0m] [2214890][140246547668352][0:Success][checkHerculesPath]	>	[HERCULES] pathname=/mnt/hercules/, MOUNT_POINT=/mnt/hercules/, pathname=/mnt/hercules/, Success
2025.02.05-13:20:41.40 - [[0mLIVE[0m] [2214890][140246547668352][0:Success][openat]	>	[POSIX] Calling Hercules 'openat' flags=193, mode=644, dir_fd=-100, pathname_dir=(null), pathname=/mnt/hercules/, errno=0:Success
2025.02.05-13:20:41.40 - [[0mLIVE[0m] [2214890][140246547668352][0:Success][checkHerculesPath]	>	[HERCULES] pathname=/mnt/hercules/, MOUNT_POINT=/mnt/hercules/, pathname=/mnt/hercules/, Success
2025.02.05-13:20:41.40 - [[0mLIVE[0m] [2214890][140246547668352][0:Success][openat]	>	[POSIX] is relative, current directory, 'openat', new_path=imss://
2025.02.05-13:20:41.40 - [[0mLIVE[0m] [2214890][140246547668352][0:Success][generalOpen]	>	[POSIX] Searching for the imss:// on the map
2025.02.05-13:20:41.40 - [[0mLIVE[0m] [2214890][140246547668352][0:Success][generalOpen]	>	[POSIX] new_path:imss://, exist: -1, create_flag: 64
2025.02.05-13:20:41.40 - [[0mLIVE[0m] [2214890][140246547668352][0:Success][generalOpen]	>	[POSIX] New file imss://, ret=0
2025.02.05-13:20:41.40 - [[0mLIVE[0m] [2214890][140246547668352][0:Success][create_dataset]	>	[IMSS] dataset_create: starting, imss_d=0, num_storages=1, num_active_storages=1
2025.02.05-13:20:41.40 - [[0mLIVE[0m] [2214890][140246547668352][0:Success][create_dataset]	>	[IMSS] Before imss_check  imss:// 
2025.02.05-13:20:41.40 - [[0mLIVE[0m] [2214890][140246547668352][0:Success][imss_check]	>	[imss_check] imssd->len=1
2025.02.05-13:20:41.40 - [[0mLIVE[0m] [2214890][140246547668352][0:Success][imss_check]	>	[imss_check] data_uri=imss://, imss_.info.uri_=imss://, imss_uri_len=7
2025.02.05-13:20:41.40 - [[0mLIVE[0m] [2214890][140246547668352][0:Success][create_dataset]	>	[IMSS] After imss_check, associated_imss_indx=0
2025.02.05-13:20:41.40 - [[0mLIVE[0m] [2214890][140246547668352][0:Success][create_dataset]	>	last=/
2025.02.05-13:20:41.40 - [[0mLIVE[0m] [2214890][140246547668352][0:Success][stat_dataset]	>	[IMSS] opened=1, datasetd->len=0
2025.02.05-13:20:41.40 - [[0mLIVE[0m] [2214890][140246547668352][0:Success][stat_dataset]	>	Request - 1 GET 0 imss://
2025.02.05-13:20:41.41 - [[32mINFO[0m] [2214890][140246547668352][0:Success][recv_dynamic_stream]	>	[COMM] recv_dynamic_stream start, data_type=1
2025.02.05-13:20:41.41 - [[34mDEBUG[0m] [2214890][140246547668352][0:Success][recv_data]	>	[COMM] Probe tag (824 bytes)
2025.02.05-13:20:41.41 - [[32mINFO[0m] [2214890][140246547668352][0:Success][recv_dynamic_stream]	>	 		 DATASET_INFO 824
2025.02.05-13:20:41.41 - [[32mINFO[0m] [2214890][140246547668352][0:Success][recv_dynamic_stream]	>	[COMM] recv_dynamic_stream end 824
2025.02.05-13:20:41.41 - [[0mLIVE[0m] [2214890][140246547668352][0:Success][create_dataset]	>	[IMSS] ERRIMSS_CREATEDATASET_ALREADYEXISTS, associated_imss.conns.matching_server=-1
2025.02.05-13:20:41.41 - [[34mDEBUG[0m] [2214890][140246547668352][0:Success][GInsert]	>	[IMSS][GTree] inserted_pos=0
2025.02.05-13:20:41.41 - [[34mDEBUG[0m] [2214890][140246547668352][0:Success][imss_create]	>	[imss_create] create_dataset((char*)rpath:imss://, POLICY:RR,  N_BLKS:1, IMSS_BLKSIZE:512, REPL_FACTOR:1, REPL_TYPE:1, N_SERVERS:1), res:-17
2025.02.05-13:20:41.42 - [[31mERROR[0m] [2214890][140246547668352][0:Success][imss_create]	>	</home/gortega/hercules/fuse/imss_posix_api.c:2084> -- [imss_create] Cannot create new dataset.

2025.02.05-13:20:41.42 - [[0mLIVE[0m] [2214890][140246547668352][0:Success][generalOpen]	>	[POSIX] imss_create(imss://, 420, 0), err_create: -17
2025.02.05-13:20:41.42 - [[0mLIVE[0m] [2214890][140246547668352][0:Success][generalOpen]	>	[POSIX] 1 - Dataset already exists, imss_open(imss://, 0)
2025.02.05-13:20:41.42 - [[33mWARN[0m] [2214890][140246547668352][0:Success][fd_lookup]	>	</home/gortega/hercules/fuse/imss_posix_api.c:181> -- [imss_posix_api] file not found, imss://
2025.02.05-13:20:41.42 - [[34mDEBUG[0m] [2214890][140246547668352][0:Success][fd_lookup]	>	[imss_posix_api] path=imss://, found=-1, fd=-1
2025.02.05-13:20:41.42 - [[32mINFO[0m] [2214890][140246547668352][0:Success][imss_open]	>	[FUSE][imss_posix_api] imss_path=imss://, fd looked up=-1
2025.02.05-13:20:41.42 - [[0mLIVE[0m] [2214890][140246547668352][0:Success][imss_check]	>	[imss_check] imssd->len=1
2025.02.05-13:20:41.42 - [[0mLIVE[0m] [2214890][140246547668352][0:Success][imss_check]	>	[imss_check] data_uri=imss://, imss_.info.uri_=imss://, imss_uri_len=7
2025.02.05-13:20:41.42 - [[0mLIVE[0m] [2214890][140246547668352][0:Success][open_dataset]	>	[IMSS] associated_imss_indx=0
2025.02.05-13:20:41.42 - [[0mLIVE[0m] [2214890][140246547668352][0:Success][stat_dataset]	>	[IMSS] opened=1, datasetd->len=1
2025.02.05-13:20:41.42 - [[0mLIVE[0m] [2214890][140246547668352][0:Success][stat_dataset]	>	[IMSS] dataset_uri=imss://, dataset_info_->uri_=imss://
2025.02.05-13:20:41.42 - [[34mDEBUG[0m] [2214890][140246547668352][0:Success][open_dataset]	>	[IMSS][open_dataset] is_link=0, stat_dataset_res=2, new_dataset.local_conn=-1, n_servers=0
2025.02.05-13:20:41.42 - [[33mWARN[0m] [2214890][140246547668352][0:Success][open_dataset]	>	</home/gortega/hercules/src/imss.c:1354> -- HERCULES_ERR_OPEN_DATASET_ALREADY_STORED
2025.02.05-13:20:41.42 - [[0mLIVE[0m] [2214890][140246547668352][0:Success][open_dataset]	>	new_dataset.local_conn=-1
2025.02.05-13:20:41.42 - [[0mLIVE[0m] [2214890][140246547668352][17:File exists][open_dataset]	>	[IMSS] dataset_uri=imss://, dataset_info_->uri_=imss://
2025.02.05-13:20:41.42 - [[34mDEBUG[0m] [2214890][140246547668352][17:File exists][get_ndata]	>	[IMSS] dataset_id=0, data_id=0
2025.02.05-13:20:41.42 - [[34mDEBUG[0m] [2214890][140246547668352][17:File exists][get_data_location]	>	[IMSS] dataset_id=0, current_dataset=-1
2025.02.05-13:20:41.42 - [[34mDEBUG[0m] [2214890][140246547668352][17:File exists][get_data_location]	>	[IMSS] curr_dataset.uri=imss://, curr_dataset.imss_d=0, curr_dataset.repl_factor=22141, dataset_id=0, curr_dataset.policy=, curr_dataset.n_servers=0, curr_dataset.n_servers_when_created=8500
2025.02.05-13:20:41.42 - [[32mINFO[0m] [2214890][140246547668352][17:File exists][set_policy]	>	matching_node_socket = -1
2025.02.05-13:20:41.42 - [[31mERROR[0m] [2214890][140246547668352][17:File exists][set_policy]	>	</home/gortega/hercules/src/policies.c:81> -- HERCULES_ERR_SETPLCY_INVLD : imss://
2025.02.05-13:20:41.42 - [[31mERROR[0m] [2214890][140246547668352][17:File exists][get_data_location]	>	</home/gortega/hercules/src/imss.c:2120> -- HERCULES_ERR_GET_DATA_LOCATION_SET_POLICY
2025.02.05-13:20:41.43 - [[31mERROR[0m] [2214890][140246547668352][17:File exists][imss_open]	>	</home/gortega/hercules/fuse/imss_posix_api.c:580> -- ERR_HERCULES_IMSS_OPEN_GET_DATA
2025.02.05-13:20:41.43 - [[0mLIVE[0m] [2214890][140246547668352][17:File exists][generalOpen]	>	[POSIX] 1 - imss_open(imss://, 0), ret=-1
2025.02.05-13:20:41.43 - [[0mLIVE[0m] [2214890][140246547668352][17:File exists][generalOpen]	>	[POSIX] Puting fd 41 into map
2025.02.05-13:20:41.43 - [[0mLIVE[0m] [2214890][140246547668352][17:File exists][openat]	>	[POSIX] Ending Hercules 'openat', mode=644, ret=41, errno=17:File exists

2025.02.05-13:20:41.43 - [[0mLIVE[0m] [2214890][140246547668352][0:Success][fstat]	>	[POSIX] Calling Hercules 'fstat', pathname=imss://, fd=41.
2025.02.05-13:20:41.43 - [[33mWARN[0m] [2214890][140246547668352][0:Success][fd_lookup]	>	</home/gortega/hercules/fuse/imss_posix_api.c:181> -- [imss_posix_api] file not found, imss://
2025.02.05-13:20:41.43 - [[34mDEBUG[0m] [2214890][140246547668352][0:Success][fd_lookup]	>	[imss_posix_api] path=imss://, found=-1, fd=-1
2025.02.05-13:20:41.43 - [[33mWARN[0m] [2214890][140246547668352][0:Success][imss_refresh]	>	</home/gortega/hercules/fuse/imss_posix_api.c:248> -- [imss_refresh] No such file or directory
2025.02.05-13:20:41.43 - [[34mDEBUG[0m] [2214890][140246547668352][0:Success][imss_getattr]	>	before get_type, imss_path=imss://
2025.02.05-13:20:41.43 - [[32mINFO[0m] [2214890][140246547668352][0:Success][get_type]	>	[IMSS][get_type] Request - '0 GET 0 imss://'
2025.02.05-13:20:41.44 - [[32mINFO[0m] [2214890][140246547668352][0:Success][recv_dynamic_stream]	>	[COMM] recv_dynamic_stream start, data_type=4
2025.02.05-13:20:41.44 - [[34mDEBUG[0m] [2214890][140246547668352][0:Success][recv_data]	>	[COMM] Probe tag (824 bytes)
2025.02.05-13:20:41.44 - [[32mINFO[0m] [2214890][140246547668352][0:Success][recv_dynamic_stream]	>	 		 receiving STRING or BUFFER 824
2025.02.05-13:20:41.44 - [[32mINFO[0m] [2214890][140246547668352][0:Success][recv_dynamic_stream]	>	[COMM] recv_dynamic_stream end 824
2025.02.05-13:20:41.44 - [[34mDEBUG[0m] [2214890][140246547668352][0:Success][get_type]	>	[IMSS][get_type] after recv_dynamic_stream ret=824
2025.02.05-13:20:41.44 - [[34mDEBUG[0m] [2214890][140246547668352][0:Success][imss_getattr]	>	after get_type(imss://):1
2025.02.05-13:20:41.44 - [[34mDEBUG[0m] [2214890][140246547668352][0:Success][get_dir]	>	[IMSS][get_dir] Request - 1693385271 GET 1 imss://
2025.02.05-13:20:41.45 - [[32mINFO[0m] [2214890][140246547668352][0:Success][recv_dynamic_stream]	>	[COMM] recv_dynamic_stream start, data_type=4
2025.02.05-13:20:41.45 - [[34mDEBUG[0m] [2214890][140246547668352][0:Success][recv_data]	>	[COMM] Probe tag (256 bytes)
2025.02.05-13:20:41.45 - [[32mINFO[0m] [2214890][140246547668352][0:Success][recv_dynamic_stream]	>	 		 receiving STRING or BUFFER 256
2025.02.05-13:20:41.45 - [[32mINFO[0m] [2214890][140246547668352][0:Success][recv_dynamic_stream]	>	[COMM] recv_dynamic_stream end 256
2025.02.05-13:20:41.45 - [[34mDEBUG[0m] [2214890][140246547668352][0:Success][get_dir]	>	[IMSS][get_dir] Ending, num_elements=1
2025.02.05-13:20:41.45 - [[34mDEBUG[0m] [2214890][140246547668352][0:Success][imss_getattr]	>	[imss_getattr] n_ent=1
2025.02.05-13:20:41.45 - [[34mDEBUG[0m] [2214890][140246547668352][0:Success][imss_getattr]	>	is a directy, setting st_nlink to 1
2025.02.05-13:20:41.45 - [[0mLIVE[0m] [2214890][140246547668352][0:Success][fstat]	>	[POSIX] End Hercules 'fstat', pathname=imss://, fd=41, errno=0:Success, ret=0, st_size=4, st_blocks=0, st_blksize=524288

2025.02.05-13:20:41.45 - [[0mLIVE[0m] [2214890][140246547668352][0:Success][write]	>	[POSIX]. Calling Hercules 'write', pathname=imss://, size=1540, fd=41
2025.02.05-13:20:41.45 - [[33mWARN[0m] [2214890][140246547668352][0:Success][fd_lookup]	>	</home/gortega/hercules/fuse/imss_posix_api.c:181> -- [imss_posix_api] file not found, imss://
2025.02.05-13:20:41.45 - [[34mDEBUG[0m] [2214890][140246547668352][0:Success][fd_lookup]	>	[imss_posix_api] path=imss://, found=-1, fd=-1
2025.02.05-13:20:41.45 - [[0mLIVE[0m] [2214890][140246547668352][0:Success][generalWrite]	>	current size=0
2025.02.05-13:20:41.45 - [[31mERROR[0m] [2214890][140246547668352][2:No such file or directory][generalWrite]	>	</home/gortega/hercules/tools/imss_posix.c:2345> -- [POSIX] Error Hercules 'write'	: 2:No such file or directory
2025.02.05-13:20:41.45 - [[0mLIVE[0m] [2214890][140246547668352][2:No such file or directory][write]	>	[POSIX]. Ending Hercules 'write', pathname=imss://, size=1540, ret=-1, fd=41

2025.02.05-13:20:41.45 - [[0mLIVE[0m] [2214890][140246547668352][0:Success][close]	>	[POSIX]. Calling Hercules 'close', pathname=imss://, fd=41
2025.02.05-13:20:41.45 - [[34mDEBUG[0m] [2214890][140246547668352][0:Success][imss_close]	>	Calling imss_flush_data
2025.02.05-13:20:41.45 - [[34mDEBUG[0m] [2214890][140246547668352][0:Success][imss_close]	>	Ending imss_flush_data
2025.02.05-13:20:41.46 - [[33mWARN[0m] [2214890][140246547668352][0:Success][fd_lookup]	>	</home/gortega/hercules/fuse/imss_posix_api.c:181> -- [imss_posix_api] file not found, imss://
2025.02.05-13:20:41.46 - [[34mDEBUG[0m] [2214890][140246547668352][0:Success][fd_lookup]	>	[imss_posix_api] path=imss://, found=-1, fd=-1
2025.02.05-13:20:41.46 - [[34mDEBUG[0m] [2214890][140246547668352][0:Success][imss_close]	>	Ending imss_release, ret=-2
2025.02.05-13:20:41.46 - [[34mDEBUG[0m] [2214890][140246547668352][0:Success][close_dataset]	>	[IMSS] formated_uri='1693385271 GET 7 imss://'
2025.02.05-13:20:41.46 - [[34mDEBUG[0m] [2214890][140246547668352][0:Success][close_dataset]	>	[IMSS] after send_req, ret=1310
2025.02.05-13:20:41.46 - [[34mDEBUG[0m] [2214890][140246547668352][0:Success][close_dataset]	>	[IMSS] get_recv_data_length, msg_length=6
2025.02.05-13:20:41.46 - [[34mDEBUG[0m] [2214890][140246547668352][0:Success][recv_data]	>	[COMM] Probe tag (6 bytes)
2025.02.05-13:20:41.46 - [[34mDEBUG[0m] [2214890][140246547668352][0:Success][close_dataset]	>	 after recv_data, msg_length=6
2025.02.05-13:20:41.46 - [[34mDEBUG[0m] [2214890][140246547668352][0:Success][close_dataset]	>	 result=CLOSE, msg_length=6
2025.02.05-13:20:41.46 - [[34mDEBUG[0m] [2214890][140246547668352][0:Success][imss_close]	>	Ending close_dataset, ret=1
2025.02.05-13:20:41.46 - [[33mWARN[0m] [2214890][140246547668352][0:Success][fd_lookup]	>	</home/gortega/hercules/fuse/imss_posix_api.c:181> -- [imss_posix_api] file not found, imss://
2025.02.05-13:20:41.46 - [[34mDEBUG[0m] [2214890][140246547668352][0:Success][fd_lookup]	>	[imss_posix_api] path=imss://, found=-1, fd=-1
2025.02.05-13:20:41.47 - [[33mWARN[0m] [2214890][140246547668352][0:Success][imss_refresh]	>	</home/gortega/hercules/fuse/imss_posix_api.c:248> -- [imss_refresh] No such file or directory
2025.02.05-13:20:41.47 - [[34mDEBUG[0m] [2214890][140246547668352][0:Success][imss_close]	>	Ending imss_refresh
2025.02.05-13:20:41.47 - [[34mDEBUG[0m] [2214890][140246547668352][0:Success][map_erase]	>	[map] element with key imss:// was not find
2025.02.05-13:20:41.47 - [[34mDEBUG[0m] [2214890][140246547668352][0:Success][map_erase]	>	[map] finish map_erase
2025.02.05-13:20:41.47 - [[0mLIVE[0m] [2214890][140246547668352][0:Success][close]	>	[POSIX]. Ending Hercules 'close', pathname=imss://, ret=0

2025.02.05-13:20:41.47 - [[0mLIVE[0m] [2214890][140246547668352][0:Success][run_me_last]	>	Calling 'run_me_last', pid=2214890, rank=577161515, release=1
2025.02.05-13:20:41.47 - [[0mLIVE[0m] [2214890][140246547668352][0:Success][run_me_last]	>	[POSIX] release_imss()
2025.02.05-13:20:41.47 - [[0mLIVE[0m] [2214890][140246547668352][0:Success][find_imss]	>	imssd->len=1
2025.02.05-13:20:41.47 - [[0mLIVE[0m] [2214890][140246547668352][0:Success][find_imss]	>	imss_uri=imss://, imss_->info.uri_=imss://
2025.02.05-13:20:41.47 - [[0mLIVE[0m] [2214890][140246547668352][0:Success][release_imss]	>	imss_position=0, num_active_storages=1
2025.02.05-13:20:41.47 - [[0mLIVE[0m] [2214890][140246547668352][0:Success][release_imss]	>	release_msg=GET 2 0 RELEASE to server 0
2025.02.05-13:20:41.48 - [[34mDEBUG[0m] [2214890][140246547668352][0:Success][recv_data]	>	[COMM] Probe tag (8 bytes)
2025.02.05-13:20:41.48 - [[34mDEBUG[0m] [2214890][140246547668352][0:Success][release_imss]	>	[delete_dataset] result=RELEASE, msg_length=8
2025.02.05-13:20:41.48 - [[0mLIVE[0m] [2214890][140246547668352][0:Success][run_me_last]	>	End 'run_me_last', pid=2214890, release=-1
