2025.02.05-13:20:40.83 - [[34mDEBUG[0m] [1802455][140586155284032][0:Success][dispatcher]	>	[DISPATCHER] req=577161515 GET HELLO!, req_content=HELLO!
2025.02.05-13:20:40.83 - [[34mDEBUG[0m] [1802455][140586155284032][0:Success][dispatcher]	>	[DISPATCHER] Replied client.
2025.02.05-13:20:40.83 - [[34mDEBUG[0m] [1802455][140586155284032][0:Success][dispatcher]	>	[DISPATCHER] Waiting for connection requests.
2025.02.05-13:20:40.85 - [[34mDEBUG[0m] [1802455][140586137830976][11:Resource temporarily unavailable][stat_worker]	>	[stat_worker] Receiving request from 15153137033858788805.
2025.02.05-13:20:40.85 - [[34mDEBUG[0m] [1802455][140586137830976][22:Invalid argument][map_server_eps_put]	>		[map_server_eps]['15153137033858788805'] Adding new connection, #3
2025.02.05-13:20:40.85 - [[32mINFO[0m] [1802455][140586137830976][22:Invalid argument][stat_worker_helper]	>	[STAT WORKER] Request - '1693385271 GET 0 imss://'
2025.02.05-13:20:40.85 - [[32mINFO[0m] [1802455][140586137830976][22:Invalid argument][stat_worker_helper]	>	[workers][stat_worker_helper] request received=1693385271 GET 0 imss://
2025.02.05-13:20:40.85 - [[32mINFO[0m] [1802455][140586137830976][22:Invalid argument][stat_worker_helper]	>	[workers][stat_worker_helper] operation=1693385271, number=0, uri=imss://, block_size_recv=0
2025.02.05-13:20:40.86 - [[34mDEBUG[0m] [1802455][140586137830976][22:Invalid argument][stat_worker_helper]	>	[STAT WORKER] map->get (key imss://, block_size_rtvd 824) get res 1
2025.02.05-13:20:40.86 - [[34mDEBUG[0m] [1802455][140586137830976][22:Invalid argument][stat_worker_helper]	>	Before dataset->n_open=0
2025.02.05-13:20:40.86 - [[34mDEBUG[0m] [1802455][140586137830976][22:Invalid argument][stat_worker_helper]	>	After dataset->n_open=0
2025.02.05-13:20:40.86 - [[34mDEBUG[0m] [1802455][140586137830976][22:Invalid argument][send_dynamic_stream]	>	[COMM] send_dynamic start, data_type=5
2025.02.05-13:20:40.86 - [[34mDEBUG[0m] [1802455][140586137830976][22:Invalid argument][send_dynamic_stream]	>	[COMM] 		 msg size=824 
2025.02.05-13:20:40.86 - [[34mDEBUG[0m] [1802455][140586137830976][22:Invalid argument][send_dynamic_stream]	>	[COMM] send_dynamic end 824 
2025.02.05-13:20:40.86 - [[34mDEBUG[0m] [1802455][140586137830976][22:Invalid argument][stat_worker_helper]	>	 Terminated meta helper

2025.02.05-13:20:40.89 - [[34mDEBUG[0m] [1802455][140586137830976][22:Invalid argument][stat_worker]	>	[stat_worker] Receiving request from 15153137033858788805.
2025.02.05-13:20:40.89 - [[34mDEBUG[0m] [1802455][140586137830976][22:Invalid argument][stat_worker]	>		[stat_worker]['15153137033858788805'] Endpoint already exist
2025.02.05-13:20:40.89 - [[32mINFO[0m] [1802455][140586137830976][22:Invalid argument][stat_worker_helper]	>	[STAT WORKER] Request - '1 GET 0 imss://'
2025.02.05-13:20:40.89 - [[32mINFO[0m] [1802455][140586137830976][22:Invalid argument][stat_worker_helper]	>	[workers][stat_worker_helper] request received=1 GET 0 imss://
2025.02.05-13:20:40.89 - [[32mINFO[0m] [1802455][140586137830976][22:Invalid argument][stat_worker_helper]	>	[workers][stat_worker_helper] operation=1, number=0, uri=imss://, block_size_recv=0
2025.02.05-13:20:40.89 - [[34mDEBUG[0m] [1802455][140586137830976][22:Invalid argument][stat_worker_helper]	>	[STAT WORKER] map->get (key imss://, block_size_rtvd 824) get res 1
2025.02.05-13:20:40.89 - [[34mDEBUG[0m] [1802455][140586137830976][22:Invalid argument][stat_worker_helper]	>	Before dataset->n_open=0
2025.02.05-13:20:40.89 - [[34mDEBUG[0m] [1802455][140586137830976][22:Invalid argument][stat_worker_helper]	>	File opened
2025.02.05-13:20:40.90 - [[34mDEBUG[0m] [1802455][140586137830976][22:Invalid argument][stat_worker_helper]	>	After dataset->n_open=1
2025.02.05-13:20:40.90 - [[34mDEBUG[0m] [1802455][140586137830976][22:Invalid argument][send_dynamic_stream]	>	[COMM] send_dynamic start, data_type=5
2025.02.05-13:20:40.90 - [[34mDEBUG[0m] [1802455][140586137830976][22:Invalid argument][send_dynamic_stream]	>	[COMM] 		 msg size=824 
2025.02.05-13:20:40.90 - [[34mDEBUG[0m] [1802455][140586137830976][22:Invalid argument][send_dynamic_stream]	>	[COMM] send_dynamic end 824 
2025.02.05-13:20:40.90 - [[34mDEBUG[0m] [1802455][140586137830976][22:Invalid argument][stat_worker_helper]	>	 Terminated meta helper

2025.02.05-13:20:40.90 - [[34mDEBUG[0m] [1802455][140586137830976][22:Invalid argument][stat_worker]	>	[stat_worker] Receiving request from 15153137033858788805.
2025.02.05-13:20:40.90 - [[34mDEBUG[0m] [1802455][140586137830976][22:Invalid argument][stat_worker]	>		[stat_worker]['15153137033858788805'] Endpoint already exist
2025.02.05-13:20:40.90 - [[32mINFO[0m] [1802455][140586137830976][22:Invalid argument][stat_worker_helper]	>	[STAT WORKER] Request - '0 GET 0 '
2025.02.05-13:20:40.90 - [[32mINFO[0m] [1802455][140586137830976][0:Success][stat_worker_helper]	>	[workers][stat_worker_helper] request received=0 GET 0 
2025.02.05-13:20:40.90 - [[32mINFO[0m] [1802455][140586137830976][0:Success][stat_worker_helper]	>	[workers][stat_worker_helper] operation=0, number=0, uri=, block_size_recv=0
2025.02.05-13:20:40.90 - [[34mDEBUG[0m] [1802455][140586137830976][0:Success][stat_worker_helper]	>	[STAT WORKER] map->get (key , block_size_rtvd 0) get res 0
2025.02.05-13:20:40.90 - [[34mDEBUG[0m] [1802455][140586137830976][0:Success][send_dynamic_stream]	>	[COMM] send_dynamic start, data_type=2
2025.02.05-13:20:40.90 - [[34mDEBUG[0m] [1802455][140586137830976][0:Success][send_dynamic_stream]	>	[COMM] 		 string=$ERRIMSS_NO_KEY_AVAIL$ 
2025.02.05-13:20:40.90 - [[34mDEBUG[0m] [1802455][140586137830976][0:Success][send_dynamic_stream]	>	[COMM] send_dynamic end 23 
2025.02.05-13:20:40.91 - [[34mDEBUG[0m] [1802455][140586137830976][0:Success][stat_worker_helper]	>	 Terminated meta helper

2025.02.05-13:20:40.92 - [[34mDEBUG[0m] [1802455][140586137830976][0:Success][stat_worker]	>	[stat_worker] Receiving request from 15153137033858788805.
2025.02.05-13:20:40.92 - [[34mDEBUG[0m] [1802455][140586137830976][0:Success][stat_worker]	>		[stat_worker]['15153137033858788805'] Endpoint already exist
2025.02.05-13:20:40.92 - [[32mINFO[0m] [1802455][140586137830976][0:Success][stat_worker_helper]	>	[STAT WORKER] Request - '1 GET 0 imss://'
2025.02.05-13:20:40.92 - [[32mINFO[0m] [1802455][140586137830976][0:Success][stat_worker_helper]	>	[workers][stat_worker_helper] request received=1 GET 0 imss://
2025.02.05-13:20:40.92 - [[32mINFO[0m] [1802455][140586137830976][0:Success][stat_worker_helper]	>	[workers][stat_worker_helper] operation=1, number=0, uri=imss://, block_size_recv=0
2025.02.05-13:20:40.92 - [[34mDEBUG[0m] [1802455][140586137830976][0:Success][stat_worker_helper]	>	[STAT WORKER] map->get (key imss://, block_size_rtvd 824) get res 1
2025.02.05-13:20:40.92 - [[34mDEBUG[0m] [1802455][140586137830976][0:Success][stat_worker_helper]	>	Before dataset->n_open=1
2025.02.05-13:20:40.92 - [[34mDEBUG[0m] [1802455][140586137830976][0:Success][stat_worker_helper]	>	File opened
2025.02.05-13:20:40.92 - [[34mDEBUG[0m] [1802455][140586137830976][0:Success][stat_worker_helper]	>	After dataset->n_open=2
2025.02.05-13:20:40.92 - [[34mDEBUG[0m] [1802455][140586137830976][0:Success][send_dynamic_stream]	>	[COMM] send_dynamic start, data_type=5
2025.02.05-13:20:40.92 - [[34mDEBUG[0m] [1802455][140586137830976][0:Success][send_dynamic_stream]	>	[COMM] 		 msg size=824 
2025.02.05-13:20:40.92 - [[34mDEBUG[0m] [1802455][140586137830976][0:Success][send_dynamic_stream]	>	[COMM] send_dynamic end 824 
2025.02.05-13:20:40.92 - [[34mDEBUG[0m] [1802455][140586137830976][0:Success][stat_worker_helper]	>	 Terminated meta helper

2025.02.05-13:20:40.94 - [[34mDEBUG[0m] [1802455][140586137830976][0:Success][stat_worker]	>	[stat_worker] Receiving request from 15153137033858788805.
2025.02.05-13:20:40.94 - [[34mDEBUG[0m] [1802455][140586137830976][0:Success][stat_worker]	>		[stat_worker]['15153137033858788805'] Endpoint already exist
2025.02.05-13:20:40.94 - [[32mINFO[0m] [1802455][140586137830976][0:Success][stat_worker_helper]	>	[STAT WORKER] Request - '0 GET 0 imss://'
2025.02.05-13:20:40.94 - [[32mINFO[0m] [1802455][140586137830976][0:Success][stat_worker_helper]	>	[workers][stat_worker_helper] request received=0 GET 0 imss://
2025.02.05-13:20:40.94 - [[32mINFO[0m] [1802455][140586137830976][0:Success][stat_worker_helper]	>	[workers][stat_worker_helper] operation=0, number=0, uri=imss://, block_size_recv=0
2025.02.05-13:20:40.94 - [[34mDEBUG[0m] [1802455][140586137830976][0:Success][stat_worker_helper]	>	[STAT WORKER] map->get (key imss://, block_size_rtvd 824) get res 1
2025.02.05-13:20:40.95 - [[34mDEBUG[0m] [1802455][140586137830976][0:Success][stat_worker_helper]	>	Before dataset->n_open=2
2025.02.05-13:20:40.95 - [[34mDEBUG[0m] [1802455][140586137830976][0:Success][stat_worker_helper]	>	After dataset->n_open=2
2025.02.05-13:20:40.95 - [[34mDEBUG[0m] [1802455][140586137830976][0:Success][send_dynamic_stream]	>	[COMM] send_dynamic start, data_type=5
2025.02.05-13:20:40.95 - [[34mDEBUG[0m] [1802455][140586137830976][0:Success][send_dynamic_stream]	>	[COMM] 		 msg size=824 
2025.02.05-13:20:40.95 - [[34mDEBUG[0m] [1802455][140586137830976][0:Success][send_dynamic_stream]	>	[COMM] send_dynamic end 824 
2025.02.05-13:20:40.95 - [[34mDEBUG[0m] [1802455][140586137830976][0:Success][stat_worker_helper]	>	 Terminated meta helper

2025.02.05-13:20:40.95 - [[34mDEBUG[0m] [1802455][140586137830976][0:Success][stat_worker]	>	[stat_worker] Receiving request from 15153137033858788805.
2025.02.05-13:20:40.95 - [[34mDEBUG[0m] [1802455][140586137830976][0:Success][stat_worker]	>		[stat_worker]['15153137033858788805'] Endpoint already exist
2025.02.05-13:20:40.95 - [[32mINFO[0m] [1802455][140586137830976][0:Success][stat_worker_helper]	>	[STAT WORKER] Request - '1693385271 GET 1 imss://'
2025.02.05-13:20:40.95 - [[32mINFO[0m] [1802455][140586137830976][0:Success][stat_worker_helper]	>	[workers][stat_worker_helper] request received=1693385271 GET 1 imss://
2025.02.05-13:20:40.95 - [[32mINFO[0m] [1802455][140586137830976][0:Success][stat_worker_helper]	>	[workers][stat_worker_helper] operation=1693385271, number=1, uri=imss://, block_size_recv=1
2025.02.05-13:20:40.95 - [[32mINFO[0m] [1802455][140586137830976][0:Success][stat_worker_helper]	>	[workers][stat_worker_helper] Calling GTree_getdir, key=imss://
2025.02.05-13:20:40.95 - [[32mINFO[0m] [1802455][140586137830976][0:Success][GTree_getdir]	>	[GTree_getdir] num_children=0
2025.02.05-13:20:40.95 - [[32mINFO[0m] [1802455][140586137830976][0:Success][GTree_getdir]	>	[GTree_getdir] serialize_dir_childrens(dir_node, num_children=0, &aux_dir_elem)
2025.02.05-13:20:40.95 - [[32mINFO[0m] [1802455][140586137830976][0:Success][GTree_getdir]	>	[GTree_getdir] ending serialize_dir_childrens, aux_dir_elem=
2025.02.05-13:20:40.96 - [[32mINFO[0m] [1802455][140586137830976][0:Success][stat_worker_helper]	>	[workers][stat_worker_helper] Ending GTree_getdir, key=imss://, numelems_indir=1
2025.02.05-13:20:40.96 - [[32mINFO[0m] [1802455][140586137830976][0:Success][stat_worker_helper]	>	[workers][stat_worker_helper] MSG, numelems_indir=1, size=256
2025.02.05-13:20:40.96 - [[34mDEBUG[0m] [1802455][140586137830976][0:Success][send_dynamic_stream]	>	[COMM] send_dynamic start, data_type=5
2025.02.05-13:20:40.96 - [[34mDEBUG[0m] [1802455][140586137830976][0:Success][send_dynamic_stream]	>	[COMM] 		 msg size=256 
2025.02.05-13:20:40.96 - [[34mDEBUG[0m] [1802455][140586137830976][0:Success][send_dynamic_stream]	>	[COMM] send_dynamic end 256 
2025.02.05-13:20:40.96 - [[34mDEBUG[0m] [1802455][140586137830976][0:Success][stat_worker_helper]	>	[workers][stat_worker_helper] buffer=imss://
2025.02.05-13:20:40.96 - [[34mDEBUG[0m] [1802455][140586137830976][0:Success][stat_worker_helper]	>	 Terminated meta helper

2025.02.05-13:20:40.97 - [[34mDEBUG[0m] [1802455][140586137830976][0:Success][stat_worker]	>	[stat_worker] Receiving request from 15153137033858788805.
2025.02.05-13:20:40.97 - [[34mDEBUG[0m] [1802455][140586137830976][0:Success][stat_worker]	>		[stat_worker]['15153137033858788805'] Endpoint already exist
2025.02.05-13:20:40.97 - [[32mINFO[0m] [1802455][140586137830976][0:Success][stat_worker_helper]	>	[STAT WORKER] Request - '1693385271 GET 7 imss://'
2025.02.05-13:20:40.97 - [[32mINFO[0m] [1802455][140586137830976][0:Success][stat_worker_helper]	>	[workers][stat_worker_helper] request received=1693385271 GET 7 imss://
2025.02.05-13:20:40.97 - [[32mINFO[0m] [1802455][140586137830976][0:Success][stat_worker_helper]	>	[workers][stat_worker_helper] operation=1693385271, number=7, uri=imss://, block_size_recv=7
2025.02.05-13:20:40.97 - [[34mDEBUG[0m] [1802455][140586137830976][0:Success][stat_worker_helper]	>	CLOSE_OP
2025.02.05-13:20:40.97 - [[34mDEBUG[0m] [1802455][140586137830976][0:Success][stat_worker_helper]	>	[STAT WORKER] map->get (key imss://, block_size_rtvd 824) get res 1
2025.02.05-13:20:40.97 - [[34mDEBUG[0m] [1802455][140586137830976][0:Success][stat_worker_helper]	>	Closing file, dataset->n_open=2
2025.02.05-13:20:40.97 - [[34mDEBUG[0m] [1802455][140586137830976][0:Success][stat_worker_helper]	>	After dataset->n_open=1, status=
2025.02.05-13:20:40.97 - [[34mDEBUG[0m] [1802455][140586137830976][0:Success][stat_worker_helper]	>	 Terminated meta helper

2025.02.05-13:20:40.99 - [[31mERROR[0m] [1802455][140586137830976][0:Success][err_cb_server]	>	</home/gortega/hercules/src/comms.c:633> -- [COMM]['140586137827255'] server error handling callback was invoked with status -25 (Connection reset by remote peer)
