2025.02.17-13:20:17.90 - [[34mDEBUG[0m] [1802455][140586155284032][0:Success][dispatcher]	>	[DISPATCHER] req=0 GET MAIN!QUERRY, req_content=MAIN!QUERRY
2025.02.17-13:20:17.90 - [[34mDEBUG[0m] [1802455][140586155284032][0:Success][dispatcher]	>	[DISPATCHER] Waiting for connection requests.
2025.02.17-13:20:17.90 - [[34mDEBUG[0m] [1802455][140586137830976][11:Resource temporarily unavailable][stat_worker]	>	[stat_worker] Receiving request from 13209879162765721689.
2025.02.17-13:20:17.90 - [[34mDEBUG[0m] [1802455][140586137830976][22:Invalid argument][map_server_eps_put]	>		[map_server_eps]['13209879162765721689'] Adding new connection, #4
2025.02.17-13:20:17.90 - [[32mINFO[0m] [1802455][140586137830976][22:Invalid argument][stat_worker_helper]	>	[STAT WORKER] Request - '0 GET 0 imss://'
2025.02.17-13:20:17.90 - [[32mINFO[0m] [1802455][140586137830976][22:Invalid argument][stat_worker_helper]	>	[workers][stat_worker_helper] request received=0 GET 0 imss://
2025.02.17-13:20:17.90 - [[32mINFO[0m] [1802455][140586137830976][22:Invalid argument][stat_worker_helper]	>	[workers][stat_worker_helper] operation=0, number=0, uri=imss://, block_size_recv=0
2025.02.17-13:20:17.91 - [[34mDEBUG[0m] [1802455][140586137830976][22:Invalid argument][stat_worker_helper]	>	[STAT WORKER] map->get (key imss://, block_size_rtvd 824) get res 1
2025.02.17-13:20:17.91 - [[34mDEBUG[0m] [1802455][140586137830976][22:Invalid argument][stat_worker_helper]	>	Before dataset->n_open=1
2025.02.17-13:20:17.91 - [[34mDEBUG[0m] [1802455][140586137830976][22:Invalid argument][stat_worker_helper]	>	After dataset->n_open=1
2025.02.17-13:20:17.91 - [[34mDEBUG[0m] [1802455][140586137830976][22:Invalid argument][send_dynamic_stream]	>	[COMM] send_dynamic start, data_type=5
2025.02.17-13:20:17.91 - [[34mDEBUG[0m] [1802455][140586137830976][22:Invalid argument][send_dynamic_stream]	>	[COMM] 		 msg size=824 
2025.02.17-13:20:17.91 - [[34mDEBUG[0m] [1802455][140586137830976][22:Invalid argument][send_dynamic_stream]	>	[COMM] send_dynamic end 824 
2025.02.17-13:20:17.91 - [[34mDEBUG[0m] [1802455][140586137830976][22:Invalid argument][stat_worker_helper]	>	 Terminated meta helper

2025.02.17-13:20:17.91 - [[31mERROR[0m] [1802455][140586137830976][22:Invalid argument][err_cb_server]	>	</home/gortega/hercules/src/comms.c:633> -- [COMM]['140586137827255'] server error handling callback was invoked with status -25 (Connection reset by remote peer)
2025.02.17-13:20:26.42 - [[31mERROR[0m] [1802455][140586137830976][104:Connection reset by peer][err_cb_server]	>	</home/gortega/hercules/src/comms.c:633> -- [COMM]['140586137827255'] server error handling callback was invoked with status -25 (Connection reset by remote peer)
2025.02.17-13:20:26.43 - [[31mERROR[0m] [1802455][140586137830976][104:Connection reset by peer][err_cb_server]	>	</home/gortega/hercules/src/comms.c:633> -- [COMM]['140586137827255'] server error handling callback was invoked with status -25 (Connection reset by remote peer)
2025.02.17-13:21:14.36 - [[34mDEBUG[0m] [1802455][140586155284032][0:Success][dispatcher]	>	[DISPATCHER] req=0 GET MAIN!QUERRY, req_content=MAIN!QUERRY
2025.02.17-13:21:14.36 - [[34mDEBUG[0m] [1802455][140586155284032][0:Success][dispatcher]	>	[DISPATCHER] Waiting for connection requests.
2025.02.17-13:21:14.36 - [[34mDEBUG[0m] [1802455][140586137830976][11:Resource temporarily unavailable][stat_worker]	>	[stat_worker] Receiving request from 3369009465187190897.
2025.02.17-13:21:14.37 - [[34mDEBUG[0m] [1802455][140586137830976][22:Invalid argument][map_server_eps_put]	>		[map_server_eps]['3369009465187190897'] Adding new connection, #5
2025.02.17-13:21:14.37 - [[32mINFO[0m] [1802455][140586137830976][22:Invalid argument][stat_worker_helper]	>	[STAT WORKER] Request - '0 GET 0 imss://'
2025.02.17-13:21:14.37 - [[32mINFO[0m] [1802455][140586137830976][22:Invalid argument][stat_worker_helper]	>	[workers][stat_worker_helper] request received=0 GET 0 imss://
2025.02.17-13:21:14.37 - [[32mINFO[0m] [1802455][140586137830976][22:Invalid argument][stat_worker_helper]	>	[workers][stat_worker_helper] operation=0, number=0, uri=imss://, block_size_recv=0
2025.02.17-13:21:14.37 - [[34mDEBUG[0m] [1802455][140586137830976][22:Invalid argument][stat_worker_helper]	>	[STAT WORKER] map->get (key imss://, block_size_rtvd 824) get res 1
2025.02.17-13:21:14.37 - [[34mDEBUG[0m] [1802455][140586137830976][22:Invalid argument][stat_worker_helper]	>	Before dataset->n_open=1
2025.02.17-13:21:14.37 - [[34mDEBUG[0m] [1802455][140586137830976][22:Invalid argument][stat_worker_helper]	>	After dataset->n_open=1
2025.02.17-13:21:14.37 - [[34mDEBUG[0m] [1802455][140586137830976][22:Invalid argument][send_dynamic_stream]	>	[COMM] send_dynamic start, data_type=5
2025.02.17-13:21:14.37 - [[34mDEBUG[0m] [1802455][140586137830976][22:Invalid argument][send_dynamic_stream]	>	[COMM] 		 msg size=824 
2025.02.17-13:21:14.37 - [[34mDEBUG[0m] [1802455][140586137830976][22:Invalid argument][send_dynamic_stream]	>	[COMM] send_dynamic end 824 
2025.02.17-13:21:14.37 - [[34mDEBUG[0m] [1802455][140586137830976][22:Invalid argument][stat_worker_helper]	>	 Terminated meta helper

2025.02.17-13:21:14.49 - [[34mDEBUG[0m] [1802455][140586155284032][0:Success][dispatcher]	>	[DISPATCHER] req=1 GET HELLO!, req_content=HELLO!
2025.02.17-13:21:14.49 - [[34mDEBUG[0m] [1802455][140586155284032][0:Success][dispatcher]	>	[DISPATCHER] Replied client.
2025.02.17-13:21:14.49 - [[34mDEBUG[0m] [1802455][140586155284032][0:Success][dispatcher]	>	[DISPATCHER] Waiting for connection requests.
2025.02.17-13:21:24.50 - [[34mDEBUG[0m] [1802455][140586137830976][11:Resource temporarily unavailable][stat_worker]	>	[stat_worker] Receiving request from 10632035453025298797.
2025.02.17-13:21:24.50 - [[34mDEBUG[0m] [1802455][140586137830976][22:Invalid argument][map_server_eps_put]	>		[map_server_eps]['10632035453025298797'] Adding new connection, #6
2025.02.17-13:21:24.50 - [[32mINFO[0m] [1802455][140586137830976][22:Invalid argument][stat_worker_helper]	>	[STAT WORKER] Request - '4043418880 GET 0 imss://'
2025.02.17-13:21:24.50 - [[32mINFO[0m] [1802455][140586137830976][22:Invalid argument][stat_worker_helper]	>	[workers][stat_worker_helper] request received=4043418880 GET 0 imss://
2025.02.17-13:21:24.50 - [[32mINFO[0m] [1802455][140586137830976][22:Invalid argument][stat_worker_helper]	>	[workers][stat_worker_helper] operation=-251548416, number=0, uri=imss://, block_size_recv=0
2025.02.17-13:21:24.50 - [[34mDEBUG[0m] [1802455][140586137830976][22:Invalid argument][stat_worker_helper]	>	[STAT WORKER] map->get (key imss://, block_size_rtvd 824) get res 1
2025.02.17-13:21:24.50 - [[34mDEBUG[0m] [1802455][140586137830976][22:Invalid argument][stat_worker_helper]	>	Before dataset->n_open=1
2025.02.17-13:21:24.50 - [[34mDEBUG[0m] [1802455][140586137830976][22:Invalid argument][stat_worker_helper]	>	After dataset->n_open=1
2025.02.17-13:21:24.50 - [[34mDEBUG[0m] [1802455][140586137830976][22:Invalid argument][send_dynamic_stream]	>	[COMM] send_dynamic start, data_type=5
2025.02.17-13:21:24.50 - [[34mDEBUG[0m] [1802455][140586137830976][22:Invalid argument][send_dynamic_stream]	>	[COMM] 		 msg size=824 
2025.02.17-13:21:24.50 - [[34mDEBUG[0m] [1802455][140586137830976][22:Invalid argument][send_dynamic_stream]	>	[COMM] send_dynamic end 824 
2025.02.17-13:21:24.51 - [[34mDEBUG[0m] [1802455][140586137830976][22:Invalid argument][stat_worker_helper]	>	 Terminated meta helper

2025.02.17-13:21:44.21 - [[31mERROR[0m] [1802455][140586137830976][104:Connection reset by peer][err_cb_server]	>	</home/gortega/hercules/src/comms.c:633> -- [COMM]['140586137827255'] server error handling callback was invoked with status -25 (Connection reset by remote peer)
2025.02.17-13:21:44.21 - [[31mERROR[0m] [1802455][140586137830976][104:Connection reset by peer][err_cb_server]	>	</home/gortega/hercules/src/comms.c:633> -- [COMM]['140586137827255'] server error handling callback was invoked with status -25 (Connection reset by remote peer)
